0 info it worked if it ends with ok
1 verbose cli [ 'C:\\Program Files\\nodejs\\node.exe',
1 verbose cli   'C:\\Users\\Administrator\\AppData\\Roaming\\npm\\node_modules\\npm\\bin\\npm-cli.js',
1 verbose cli   'run',
1 verbose cli   'start' ]
2 info using npm@3.10.5
3 info using node@v6.3.1
4 verbose run-script [ 'prestart', 'start', 'poststart' ]
5 info lifecycle 06-react-boilerplate@1.0.0~prestart: 06-react-boilerplate@1.0.0
6 silly lifecycle 06-react-boilerplate@1.0.0~prestart: no script for prestart, continuing
7 info lifecycle 06-react-boilerplate@1.0.0~start: 06-react-boilerplate@1.0.0
8 verbose lifecycle 06-react-boilerplate@1.0.0~start: unsafe-perm in lifecycle true
9 verbose lifecycle 06-react-boilerplate@1.0.0~start: PATH: C:\Users\Administrator\AppData\Roaming\npm\node_modules\npm\bin\node-gyp-bin;G:\Github\react\06-react-boilerplate\node_modules\.bin;C:\Program Files\nodejs;C:\Users\Administrator\bin;C:\Program Files\Git\mingw64\bin;C:\Program Files\Git\usr\local\bin;C:\Program Files\Git\usr\bin;C:\Program Files\Git\usr\bin;C:\Program Files\Git\mingw64\bin;C:\Program Files\Git\usr\bin;C:\Users\Administrator\bin;C:\Windows\system32;C:\Windows;C:\Windows\System32\Wbem;C:\Windows\System32\WindowsPowerShell\v1.0;C:\Program Files (x86)\AMD\ATI.ACE\Core-Static;C:\Program Files\TortoiseSVN\bin;C:\Program Files\Git\cmd;C:\Program Files\nodejs;C:\Program Files (x86)\SSH Communications Security\SSH Secure Shell;C:\Users\Administrator\AppData\Roaming\npm;C:\Program Files\Git\usr\bin\vendor_perl;C:\Program Files\Git\usr\bin\core_perl
10 verbose lifecycle 06-react-boilerplate@1.0.0~start: CWD: G:\Github\react\06-react-boilerplate
11 silly lifecycle 06-react-boilerplate@1.0.0~start: Args: [ '/d /s /c',
11 silly lifecycle   'set NODE_ENV=development&& node server.js  && npm run lint:watch' ]
12 silly lifecycle 06-react-boilerplate@1.0.0~start: Returned: code: 1  signal: null
13 info lifecycle 06-react-boilerplate@1.0.0~start: Failed to exec start script
14 verbose stack Error: 06-react-boilerplate@1.0.0 start: `set NODE_ENV=development&& node server.js  && npm run lint:watch`
14 verbose stack Exit status 1
14 verbose stack     at EventEmitter.<anonymous> (C:\Users\Administrator\AppData\Roaming\npm\node_modules\npm\lib\utils\lifecycle.js:242:16)
14 verbose stack     at emitTwo (events.js:106:13)
14 verbose stack     at EventEmitter.emit (events.js:191:7)
14 verbose stack     at ChildProcess.<anonymous> (C:\Users\Administrator\AppData\Roaming\npm\node_modules\npm\lib\utils\spawn.js:40:14)
14 verbose stack     at emitTwo (events.js:106:13)
14 verbose stack     at ChildProcess.emit (events.js:191:7)
14 verbose stack     at maybeClose (internal/child_process.js:852:16)
14 verbose stack     at Process.ChildProcess._handle.onexit (internal/child_process.js:215:5)
15 verbose pkgid 06-react-boilerplate@1.0.0
16 verbose cwd G:\Github\react\06-react-boilerplate
17 error Windows_NT 6.1.7601
18 error argv "C:\\Program Files\\nodejs\\node.exe" "C:\\Users\\Administrator\\AppData\\Roaming\\npm\\node_modules\\npm\\bin\\npm-cli.js" "run" "start"
19 error node v6.3.1
20 error npm  v3.10.5
21 error code ELIFECYCLE
22 error 06-react-boilerplate@1.0.0 start: `set NODE_ENV=development&& node server.js  && npm run lint:watch`
22 error Exit status 1
23 error Failed at the 06-react-boilerplate@1.0.0 start script 'set NODE_ENV=development&& node server.js  && npm run lint:watch'.
23 error Make sure you have the latest version of node.js and npm installed.
23 error If you do, this is most likely a problem with the 06-react-boilerplate package,
23 error not with npm itself.
23 error Tell the author that this fails on your system:
23 error     set NODE_ENV=development&& node server.js  && npm run lint:watch
23 error You can get information on how to open an issue for this project with:
23 error     npm bugs 06-react-boilerplate
23 error Or if that isn't available, you can get their info via:
23 error     npm owner ls 06-react-boilerplate
23 error There is likely additional logging output above.
24 verbose exit [ 1, true ]
